# JRE version: Java(TM) SE Runtime Environment 18.9 (11.0.15.1+2) (build 11.0.15.1+2-LTS-10)
# Java VM: Java HotSpot(TM) 64-Bit Server VM 18.9 (11.0.15.1+2-LTS-10, mixed mode, tiered, compressed oops, g1 gc, windows-amd64)
Heap:
 garbage-first heap   total 312320K, used 92027K [0x0000000703200000, 0x0000000800000000)
  region size 1024K, 74 young (75776K), 19 survivors (19456K)
 Metaspace       used 74546K, capacity 76994K, committed 77264K, reserved 1116160K
  class space    used 9819K, capacity 10814K, committed 10880K, reserved 1048576K
GC Heap History (10 events):
Event: 1.999 GC heap before
{Heap before GC invocations=5 (full 0):
 garbage-first heap   total 260096K, used 118567K [0x0000000703200000, 0x0000000800000000)
  region size 1024K, 107 young (109568K), 5 survivors (5120K)
 Metaspace       used 27513K, capacity 28430K, committed 28720K, reserved 1075200K
  class space    used 3288K, capacity 3675K, committed 3712K, reserved 1048576K
}
Event: 2.006 GC heap after
{Heap after GC invocations=6 (full 0):
 garbage-first heap   total 260096K, used 15984K [0x0000000703200000, 0x0000000800000000)
  region size 1024K, 7 young (7168K), 7 survivors (7168K)
 Metaspace       used 27513K, capacity 28430K, committed 28720K, reserved 1075200K
  class space    used 3288K, capacity 3675K, committed 3712K, reserved 1048576K
}
Event: 2.554 GC heap before
{Heap before GC invocations=6 (full 0):
 garbage-first heap   total 260096K, used 86640K [0x0000000703200000, 0x0000000800000000)
  region size 1024K, 77 young (78848K), 7 survivors (7168K)
 Metaspace       used 34699K, capacity 35837K, committed 35920K, reserved 1081344K
  class space    used 4335K, capacity 4843K, committed 4864K, reserved 1048576K
}
Event: 2.561 GC heap after
{Heap after GC invocations=7 (full 0):
 garbage-first heap   total 260096K, used 19052K [0x0000000703200000, 0x0000000800000000)
  region size 1024K, 10 young (10240K), 10 survivors (10240K)
 Metaspace       used 34699K, capacity 35837K, committed 35920K, reserved 1081344K
  class space    used 4335K, capacity 4843K, committed 4864K, reserved 1048576K
}
Event: 3.526 GC heap before
{Heap before GC invocations=8 (full 0):
 garbage-first heap   total 260096K, used 164460K [0x0000000703200000, 0x0000000800000000)
  region size 1024K, 152 young (155648K), 10 survivors (10240K)
 Metaspace       used 51065K, capacity 52406K, committed 52688K, reserved 1095680K
  class space    used 6411K, capacity 6928K, committed 7040K, reserved 1048576K
}
Event: 3.538 GC heap after
{Heap after GC invocations=9 (full 0):
 garbage-first heap   total 312320K, used 25860K [0x0000000703200000, 0x0000000800000000)
  region size 1024K, 16 young (16384K), 16 survivors (16384K)
 Metaspace       used 51065K, capacity 52406K, committed 52688K, reserved 1095680K
  class space    used 6411K, capacity 6928K, committed 7040K, reserved 1048576K
}
Event: 4.056 GC heap before
{Heap before GC invocations=9 (full 0):
 garbage-first heap   total 312320K, used 107780K [0x0000000703200000, 0x0000000800000000)
  region size 1024K, 97 young (99328K), 16 survivors (16384K)
 Metaspace       used 58672K, capacity 60082K, committed 60240K, reserved 1101824K
  class space    used 7497K, capacity 8071K, committed 8192K, reserved 1048576K
}
Event: 4.068 GC heap after
{Heap after GC invocations=10 (full 0):
 garbage-first heap   total 312320K, used 28566K [0x0000000703200000, 0x0000000800000000)
  region size 1024K, 15 young (15360K), 15 survivors (15360K)
 Metaspace       used 58672K, capacity 60082K, committed 60240K, reserved 1101824K
  class space    used 7497K, capacity 8071K, committed 8192K, reserved 1048576K
}
Event: 5.318 GC heap before
{Heap before GC invocations=11 (full 0):
 garbage-first heap   total 312320K, used 200598K [0x0000000703200000, 0x0000000800000000)
  region size 1024K, 183 young (187392K), 15 survivors (15360K)
 Metaspace       used 71242K, capacity 73593K, committed 73808K, reserved 1112064K
  class space    used 9417K, capacity 10371K, committed 10496K, reserved 1048576K
}
Event: 5.332 GC heap after
{Heap after GC invocations=12 (full 0):
 garbage-first heap   total 312320K, used 37755K [0x0000000703200000, 0x0000000800000000)
  region size 1024K, 19 young (19456K), 19 survivors (19456K)
 Metaspace       used 71242K, capacity 73593K, committed 73808K, reserved 1112064K
  class space    used 9417K, capacity 10371K, committed 10496K, reserved 1048576K
}

